2024-04-15 16:03:42,558:WARNING:
'cuml' is a soft dependency and not included in the pycaret installation. Please run: `pip install cuml` to install.
2024-04-15 16:03:42,560:WARNING:
'cuml' is a soft dependency and not included in the pycaret installation. Please run: `pip install cuml` to install.
2024-04-15 16:03:42,560:WARNING:
'cuml' is a soft dependency and not included in the pycaret installation. Please run: `pip install cuml` to install.
2024-04-15 16:03:42,560:WARNING:
'cuml' is a soft dependency and not included in the pycaret installation. Please run: `pip install cuml` to install.
2024-04-15 16:03:43,178:INFO:PyCaret RegressionExperiment
2024-04-15 16:03:43,178:INFO:Logging name: reg-default-name
2024-04-15 16:03:43,178:INFO:ML Usecase: MLUsecase.REGRESSION
2024-04-15 16:03:43,180:INFO:version 3.3.0
2024-04-15 16:03:43,180:INFO:Initializing setup()
2024-04-15 16:03:43,180:INFO:self.USI: 20ed
2024-04-15 16:03:43,180:INFO:self._variable_keys: {'y', 'seed', 'html_param', 'exp_id', 'exp_name_log', 'logging_param', 'memory', 'fold_generator', 'USI', '_available_plots', 'fold_groups_param', 'n_jobs_param', 'data', 'X', 'gpu_n_jobs_param', 'log_plots_param', 'transform_target_param', 'pipeline', 'y_test', 'y_train', 'target_param', 'idx', 'gpu_param', 'X_test', 'X_train', '_ml_usecase', 'fold_shuffle_param'}
2024-04-15 16:03:43,180:INFO:Checking environment
2024-04-15 16:03:43,180:INFO:python_version: 3.11.8
2024-04-15 16:03:43,180:INFO:python_build: ('main', 'Feb 26 2024 21:34:05')
2024-04-15 16:03:43,180:INFO:machine: AMD64
2024-04-15 16:03:43,180:INFO:platform: Windows-10-10.0.22631-SP0
2024-04-15 16:03:43,180:INFO:Memory: svmem(total=8368807936, available=1002565632, percent=88.0, used=7366242304, free=1002565632)
2024-04-15 16:03:43,180:INFO:Physical Core: 4
2024-04-15 16:03:43,180:INFO:Logical Core: 8
2024-04-15 16:03:43,180:INFO:Checking libraries
2024-04-15 16:03:43,180:INFO:System:
2024-04-15 16:03:43,180:INFO:    python: 3.11.8 | packaged by Anaconda, Inc. | (main, Feb 26 2024, 21:34:05) [MSC v.1916 64 bit (AMD64)]
2024-04-15 16:03:43,180:INFO:executable: C:\Users\ACER\anaconda3\envs\virenv\python.exe
2024-04-15 16:03:43,180:INFO:   machine: Windows-10-10.0.22631-SP0
2024-04-15 16:03:43,180:INFO:PyCaret required dependencies:
2024-04-15 16:03:43,188:INFO:                 pip: 23.3.1
2024-04-15 16:03:43,188:INFO:          setuptools: 68.2.2
2024-04-15 16:03:43,188:INFO:             pycaret: 3.3.0
2024-04-15 16:03:43,188:INFO:             IPython: 8.20.0
2024-04-15 16:03:43,188:INFO:          ipywidgets: 8.1.2
2024-04-15 16:03:43,188:INFO:                tqdm: 4.66.2
2024-04-15 16:03:43,190:INFO:               numpy: 1.26.4
2024-04-15 16:03:43,190:INFO:              pandas: 2.1.4
2024-04-15 16:03:43,190:INFO:              jinja2: 3.1.3
2024-04-15 16:03:43,190:INFO:               scipy: 1.11.4
2024-04-15 16:03:43,190:INFO:              joblib: 1.3.2
2024-04-15 16:03:43,190:INFO:             sklearn: 1.4.1.post1
2024-04-15 16:03:43,190:INFO:                pyod: 1.1.3
2024-04-15 16:03:43,190:INFO:            imblearn: 0.12.2
2024-04-15 16:03:43,190:INFO:   category_encoders: 2.6.3
2024-04-15 16:03:43,191:INFO:            lightgbm: 4.3.0
2024-04-15 16:03:43,191:INFO:               numba: 0.59.1
2024-04-15 16:03:43,191:INFO:            requests: 2.31.0
2024-04-15 16:03:43,191:INFO:          matplotlib: 3.7.5
2024-04-15 16:03:43,191:INFO:          scikitplot: 0.3.7
2024-04-15 16:03:43,192:INFO:         yellowbrick: 1.5
2024-04-15 16:03:43,192:INFO:              plotly: 5.20.0
2024-04-15 16:03:43,192:INFO:    plotly-resampler: Not installed
2024-04-15 16:03:43,192:INFO:             kaleido: 0.2.1
2024-04-15 16:03:43,192:INFO:           schemdraw: 0.15
2024-04-15 16:03:43,193:INFO:         statsmodels: 0.14.1
2024-04-15 16:03:43,193:INFO:              sktime: 0.28.0
2024-04-15 16:03:43,193:INFO:               tbats: 1.1.3
2024-04-15 16:03:43,193:INFO:            pmdarima: 2.0.4
2024-04-15 16:03:43,193:INFO:              psutil: 5.9.0
2024-04-15 16:03:43,193:INFO:          markupsafe: 2.1.3
2024-04-15 16:03:43,194:INFO:             pickle5: Not installed
2024-04-15 16:03:43,194:INFO:         cloudpickle: 3.0.0
2024-04-15 16:03:43,194:INFO:         deprecation: 2.1.0
2024-04-15 16:03:43,194:INFO:              xxhash: 3.4.1
2024-04-15 16:03:43,194:INFO:           wurlitzer: Not installed
2024-04-15 16:03:43,194:INFO:PyCaret optional dependencies:
2024-04-15 16:03:52,161:INFO:                shap: 0.45.0
2024-04-15 16:03:52,162:INFO:           interpret: 0.6.0
2024-04-15 16:03:52,162:INFO:                umap: 0.5.6
2024-04-15 16:03:52,162:INFO:     ydata_profiling: 4.7.0
2024-04-15 16:03:52,162:INFO:  explainerdashboard: 0.4.7
2024-04-15 16:03:52,162:INFO:             autoviz: Not installed
2024-04-15 16:03:52,162:INFO:           fairlearn: 0.7.0
2024-04-15 16:03:52,162:INFO:          deepchecks: Not installed
2024-04-15 16:03:52,162:INFO:             xgboost: 2.0.3
2024-04-15 16:03:52,162:INFO:            catboost: 1.2.3
2024-04-15 16:03:52,162:INFO:              kmodes: 0.12.2
2024-04-15 16:03:52,162:INFO:             mlxtend: 0.23.1
2024-04-15 16:03:52,163:INFO:       statsforecast: 1.5.0
2024-04-15 16:03:52,163:INFO:        tune_sklearn: Not installed
2024-04-15 16:03:52,163:INFO:                 ray: Not installed
2024-04-15 16:03:52,163:INFO:            hyperopt: 0.2.7
2024-04-15 16:03:52,163:INFO:              optuna: 3.6.1
2024-04-15 16:03:52,163:INFO:               skopt: 0.10.1
2024-04-15 16:03:52,163:INFO:              mlflow: 2.11.3
2024-04-15 16:03:52,163:INFO:              gradio: 4.25.0
2024-04-15 16:03:52,163:INFO:             fastapi: 0.110.1
2024-04-15 16:03:52,163:INFO:             uvicorn: 0.29.0
2024-04-15 16:03:52,164:INFO:              m2cgen: 0.10.0
2024-04-15 16:03:52,165:INFO:           evidently: 0.4.16
2024-04-15 16:03:52,165:INFO:               fugue: 0.8.6
2024-04-15 16:03:52,165:INFO:           streamlit: Not installed
2024-04-15 16:03:52,165:INFO:             prophet: Not installed
2024-04-15 16:03:52,165:INFO:None
2024-04-15 16:03:52,165:INFO:Set up data.
2024-04-15 16:03:52,197:INFO:Set up folding strategy.
2024-04-15 16:03:52,197:INFO:Set up train/test split.
2024-04-15 16:03:52,212:INFO:Set up index.
2024-04-15 16:03:52,217:INFO:Assigning column types.
2024-04-15 16:03:52,227:INFO:Engine successfully changes for model 'lr' to 'sklearn'.
2024-04-15 16:03:52,227:INFO:Engine for model 'lasso' has not been set explicitly, hence returning None.
2024-04-15 16:03:52,243:INFO:Engine for model 'ridge' has not been set explicitly, hence returning None.
2024-04-15 16:03:52,256:INFO:Engine for model 'en' has not been set explicitly, hence returning None.
2024-04-15 16:03:52,467:INFO:Engine for model 'svm' has not been set explicitly, hence returning None.
2024-04-15 16:03:52,611:INFO:Engine for model 'knn' has not been set explicitly, hence returning None.
2024-04-15 16:03:52,621:INFO:Soft dependency imported: xgboost: 2.0.3
2024-04-15 16:03:52,623:INFO:Soft dependency imported: catboost: 1.2.3
2024-04-15 16:03:52,633:INFO:Engine for model 'lasso' has not been set explicitly, hence returning None.
2024-04-15 16:03:52,645:INFO:Engine for model 'ridge' has not been set explicitly, hence returning None.
2024-04-15 16:03:52,662:INFO:Engine for model 'en' has not been set explicitly, hence returning None.
2024-04-15 16:03:52,847:INFO:Engine for model 'svm' has not been set explicitly, hence returning None.
2024-04-15 16:03:53,001:INFO:Engine for model 'knn' has not been set explicitly, hence returning None.
2024-04-15 16:03:53,001:INFO:Soft dependency imported: xgboost: 2.0.3
2024-04-15 16:03:53,017:INFO:Soft dependency imported: catboost: 1.2.3
2024-04-15 16:03:53,017:INFO:Engine successfully changes for model 'lasso' to 'sklearn'.
2024-04-15 16:03:53,035:INFO:Engine for model 'ridge' has not been set explicitly, hence returning None.
2024-04-15 16:03:53,055:INFO:Engine for model 'en' has not been set explicitly, hence returning None.
2024-04-15 16:03:53,258:INFO:Engine for model 'svm' has not been set explicitly, hence returning None.
2024-04-15 16:03:53,413:INFO:Engine for model 'knn' has not been set explicitly, hence returning None.
2024-04-15 16:03:53,413:INFO:Soft dependency imported: xgboost: 2.0.3
2024-04-15 16:03:53,424:INFO:Soft dependency imported: catboost: 1.2.3
2024-04-15 16:03:53,434:INFO:Engine for model 'ridge' has not been set explicitly, hence returning None.
2024-04-15 16:03:53,460:INFO:Engine for model 'en' has not been set explicitly, hence returning None.
2024-04-15 16:03:53,657:INFO:Engine for model 'svm' has not been set explicitly, hence returning None.
2024-04-15 16:03:53,808:INFO:Engine for model 'knn' has not been set explicitly, hence returning None.
2024-04-15 16:03:53,808:INFO:Soft dependency imported: xgboost: 2.0.3
2024-04-15 16:03:53,823:INFO:Soft dependency imported: catboost: 1.2.3
2024-04-15 16:03:53,823:INFO:Engine successfully changes for model 'ridge' to 'sklearn'.
2024-04-15 16:03:53,854:INFO:Engine for model 'en' has not been set explicitly, hence returning None.
2024-04-15 16:03:54,059:INFO:Engine for model 'svm' has not been set explicitly, hence returning None.
2024-04-15 16:03:54,237:INFO:Engine for model 'knn' has not been set explicitly, hence returning None.
2024-04-15 16:03:54,239:INFO:Soft dependency imported: xgboost: 2.0.3
2024-04-15 16:03:54,251:INFO:Soft dependency imported: catboost: 1.2.3
2024-04-15 16:03:54,291:INFO:Engine for model 'en' has not been set explicitly, hence returning None.
2024-04-15 16:03:54,523:INFO:Engine for model 'svm' has not been set explicitly, hence returning None.
2024-04-15 16:03:54,689:INFO:Engine for model 'knn' has not been set explicitly, hence returning None.
2024-04-15 16:03:54,689:INFO:Soft dependency imported: xgboost: 2.0.3
2024-04-15 16:03:54,701:INFO:Soft dependency imported: catboost: 1.2.3
2024-04-15 16:03:54,701:INFO:Engine successfully changes for model 'en' to 'sklearn'.
2024-04-15 16:03:54,953:INFO:Engine for model 'svm' has not been set explicitly, hence returning None.
2024-04-15 16:03:55,188:INFO:Engine for model 'knn' has not been set explicitly, hence returning None.
2024-04-15 16:03:55,188:INFO:Soft dependency imported: xgboost: 2.0.3
2024-04-15 16:03:55,194:INFO:Soft dependency imported: catboost: 1.2.3
2024-04-15 16:03:55,485:INFO:Engine for model 'svm' has not been set explicitly, hence returning None.
2024-04-15 16:03:55,681:INFO:Engine for model 'knn' has not been set explicitly, hence returning None.
2024-04-15 16:03:55,682:INFO:Soft dependency imported: xgboost: 2.0.3
2024-04-15 16:03:55,682:INFO:Soft dependency imported: catboost: 1.2.3
2024-04-15 16:03:55,682:INFO:Engine successfully changes for model 'knn' to 'sklearn'.
2024-04-15 16:03:55,972:INFO:Engine for model 'svm' has not been set explicitly, hence returning None.
2024-04-15 16:03:56,165:INFO:Soft dependency imported: xgboost: 2.0.3
2024-04-15 16:03:56,168:INFO:Soft dependency imported: catboost: 1.2.3
2024-04-15 16:03:56,470:INFO:Engine for model 'svm' has not been set explicitly, hence returning None.
2024-04-15 16:03:56,619:INFO:Soft dependency imported: xgboost: 2.0.3
2024-04-15 16:03:56,639:INFO:Soft dependency imported: catboost: 1.2.3
2024-04-15 16:03:56,639:INFO:Engine successfully changes for model 'svm' to 'sklearn'.
2024-04-15 16:03:57,074:INFO:Soft dependency imported: xgboost: 2.0.3
2024-04-15 16:03:57,085:INFO:Soft dependency imported: catboost: 1.2.3
2024-04-15 16:03:57,551:INFO:Soft dependency imported: xgboost: 2.0.3
2024-04-15 16:03:57,561:INFO:Soft dependency imported: catboost: 1.2.3
2024-04-15 16:03:57,572:INFO:Finished creating preprocessing pipeline.
2024-04-15 16:03:57,582:INFO:Pipeline: Pipeline(memory=FastMemory(location=C:\Users\ACER\AppData\Local\Temp\joblib),
         steps=[('placeholder', None)])
2024-04-15 16:03:57,582:INFO:Creating final display dataframe.
2024-04-15 16:03:57,709:INFO:Setup _display_container:                    Description       Value
0                   Session id         123
1                       Target       label
2                  Target type  Regression
3          Original data shape   (298, 17)
4       Transformed data shape   (298, 15)
5  Transformed train set shape   (208, 15)
6   Transformed test set shape    (90, 15)
7              Ignore features           2
8             Numeric features          14
2024-04-15 16:03:58,149:INFO:Soft dependency imported: xgboost: 2.0.3
2024-04-15 16:03:58,163:INFO:Soft dependency imported: catboost: 1.2.3
2024-04-15 16:03:58,616:INFO:Soft dependency imported: xgboost: 2.0.3
2024-04-15 16:03:58,634:INFO:Soft dependency imported: catboost: 1.2.3
2024-04-15 16:03:58,636:INFO:setup() successfully completed in 15.47s...............
2024-04-15 16:03:58,651:INFO:Initializing compare_models()
2024-04-15 16:03:58,652:INFO:compare_models(self=<pycaret.regression.oop.RegressionExperiment object at 0x000002264D889290>, include=None, exclude=None, fold=None, round=4, cross_validation=True, sort=MAE, n_select=1, budget_time=None, turbo=True, errors=ignore, fit_kwargs=None, groups=None, experiment_custom_tags=None, probability_threshold=None, verbose=True, parallel=None, caller_params={'self': <pycaret.regression.oop.RegressionExperiment object at 0x000002264D889290>, 'include': None, 'exclude': None, 'fold': None, 'round': 4, 'cross_validation': True, 'sort': 'MAE', 'n_select': 1, 'budget_time': None, 'turbo': True, 'errors': 'ignore', 'fit_kwargs': None, 'groups': None, 'experiment_custom_tags': None, 'engine': None, 'verbose': True, 'parallel': None, '__class__': <class 'pycaret.regression.oop.RegressionExperiment'>})
2024-04-15 16:03:58,652:INFO:Checking exceptions
2024-04-15 16:03:58,661:INFO:Preparing display monitor
2024-04-15 16:03:58,744:INFO:Initializing Linear Regression
2024-04-15 16:03:58,744:INFO:Total runtime is 0.0 minutes
2024-04-15 16:03:58,755:INFO:SubProcess create_model() called ==================================
2024-04-15 16:03:58,755:INFO:Initializing create_model()
2024-04-15 16:03:58,755:INFO:create_model(self=<pycaret.regression.oop.RegressionExperiment object at 0x000002264D889290>, estimator=lr, fold=KFold(n_splits=10, random_state=None, shuffle=False), round=4, cross_validation=True, predict=True, fit_kwargs={}, groups=None, refit=False, probability_threshold=None, experiment_custom_tags=None, verbose=False, system=False, add_to_model_list=True, metrics=None, display=<pycaret.internal.display.display.CommonDisplay object at 0x00000226502EEFD0>, model_only=True, return_train_score=False, error_score=0.0, kwargs={})
2024-04-15 16:03:58,755:INFO:Checking exceptions
2024-04-15 16:03:58,755:INFO:Importing libraries
2024-04-15 16:03:58,755:INFO:Copying training dataset
2024-04-15 16:03:58,766:INFO:Defining folds
2024-04-15 16:03:58,766:INFO:Declaring metric variables
2024-04-15 16:03:58,776:INFO:Importing untrained model
2024-04-15 16:03:58,787:INFO:Linear Regression Imported successfully
2024-04-15 16:03:58,802:INFO:Starting cross validation
2024-04-15 16:03:58,807:INFO:Cross validating with KFold(n_splits=10, random_state=None, shuffle=False), n_jobs=-1
2024-04-15 16:04:05,722:INFO:Calculating mean and std
2024-04-15 16:04:05,726:INFO:Creating metrics dataframe
2024-04-15 16:04:05,731:INFO:Uploading results into container
2024-04-15 16:04:05,735:INFO:Uploading model into container now
2024-04-15 16:04:05,737:INFO:_master_model_container: 1
2024-04-15 16:04:05,738:INFO:_display_container: 2
2024-04-15 16:04:05,739:INFO:LinearRegression(n_jobs=-1)
2024-04-15 16:04:05,739:INFO:create_model() successfully completed......................................
2024-04-15 16:04:06,054:INFO:SubProcess create_model() end ==================================
2024-04-15 16:04:06,054:INFO:Creating metrics dataframe
2024-04-15 16:04:06,071:INFO:Initializing Lasso Regression
2024-04-15 16:04:06,071:INFO:Total runtime is 0.12211967706680298 minutes
2024-04-15 16:04:06,091:INFO:SubProcess create_model() called ==================================
2024-04-15 16:04:06,092:INFO:Initializing create_model()
2024-04-15 16:04:06,092:INFO:create_model(self=<pycaret.regression.oop.RegressionExperiment object at 0x000002264D889290>, estimator=lasso, fold=KFold(n_splits=10, random_state=None, shuffle=False), round=4, cross_validation=True, predict=True, fit_kwargs={}, groups=None, refit=False, probability_threshold=None, experiment_custom_tags=None, verbose=False, system=False, add_to_model_list=True, metrics=None, display=<pycaret.internal.display.display.CommonDisplay object at 0x00000226502EEFD0>, model_only=True, return_train_score=False, error_score=0.0, kwargs={})
2024-04-15 16:04:06,093:INFO:Checking exceptions
2024-04-15 16:04:06,093:INFO:Importing libraries
2024-04-15 16:04:06,093:INFO:Copying training dataset
2024-04-15 16:04:06,113:INFO:Defining folds
2024-04-15 16:04:06,113:INFO:Declaring metric variables
2024-04-15 16:04:06,127:INFO:Importing untrained model
2024-04-15 16:04:06,137:INFO:Lasso Regression Imported successfully
2024-04-15 16:04:06,153:INFO:Starting cross validation
2024-04-15 16:04:06,155:INFO:Cross validating with KFold(n_splits=10, random_state=None, shuffle=False), n_jobs=-1
2024-04-15 16:04:06,382:INFO:Calculating mean and std
2024-04-15 16:04:06,383:INFO:Creating metrics dataframe
2024-04-15 16:04:06,390:INFO:Uploading results into container
2024-04-15 16:04:06,390:INFO:Uploading model into container now
2024-04-15 16:04:06,390:INFO:_master_model_container: 2
2024-04-15 16:04:06,390:INFO:_display_container: 2
2024-04-15 16:04:06,390:INFO:Lasso(random_state=123)
2024-04-15 16:04:06,390:INFO:create_model() successfully completed......................................
2024-04-15 16:04:06,719:INFO:SubProcess create_model() end ==================================
2024-04-15 16:04:06,719:INFO:Creating metrics dataframe
2024-04-15 16:04:06,742:INFO:Initializing Ridge Regression
2024-04-15 16:04:06,742:INFO:Total runtime is 0.13329705397288005 minutes
2024-04-15 16:04:06,749:INFO:SubProcess create_model() called ==================================
2024-04-15 16:04:06,749:INFO:Initializing create_model()
2024-04-15 16:04:06,749:INFO:create_model(self=<pycaret.regression.oop.RegressionExperiment object at 0x000002264D889290>, estimator=ridge, fold=KFold(n_splits=10, random_state=None, shuffle=False), round=4, cross_validation=True, predict=True, fit_kwargs={}, groups=None, refit=False, probability_threshold=None, experiment_custom_tags=None, verbose=False, system=False, add_to_model_list=True, metrics=None, display=<pycaret.internal.display.display.CommonDisplay object at 0x00000226502EEFD0>, model_only=True, return_train_score=False, error_score=0.0, kwargs={})
2024-04-15 16:04:06,749:INFO:Checking exceptions
2024-04-15 16:04:06,750:INFO:Importing libraries
2024-04-15 16:04:06,751:INFO:Copying training dataset
2024-04-15 16:04:06,763:INFO:Defining folds
2024-04-15 16:04:06,763:INFO:Declaring metric variables
2024-04-15 16:04:06,777:INFO:Importing untrained model
2024-04-15 16:04:06,787:INFO:Ridge Regression Imported successfully
2024-04-15 16:04:06,806:INFO:Starting cross validation
2024-04-15 16:04:06,808:INFO:Cross validating with KFold(n_splits=10, random_state=None, shuffle=False), n_jobs=-1
2024-04-15 16:04:07,060:INFO:Calculating mean and std
2024-04-15 16:04:07,060:INFO:Creating metrics dataframe
2024-04-15 16:04:07,071:INFO:Uploading results into container
2024-04-15 16:04:07,075:INFO:Uploading model into container now
2024-04-15 16:04:07,075:INFO:_master_model_container: 3
2024-04-15 16:04:07,075:INFO:_display_container: 2
2024-04-15 16:04:07,075:INFO:Ridge(random_state=123)
2024-04-15 16:04:07,075:INFO:create_model() successfully completed......................................
2024-04-15 16:04:07,424:INFO:SubProcess create_model() end ==================================
2024-04-15 16:04:07,424:INFO:Creating metrics dataframe
2024-04-15 16:04:07,453:INFO:Initializing Elastic Net
2024-04-15 16:04:07,454:INFO:Total runtime is 0.14516222476959229 minutes
2024-04-15 16:04:07,464:INFO:SubProcess create_model() called ==================================
2024-04-15 16:04:07,464:INFO:Initializing create_model()
2024-04-15 16:04:07,464:INFO:create_model(self=<pycaret.regression.oop.RegressionExperiment object at 0x000002264D889290>, estimator=en, fold=KFold(n_splits=10, random_state=None, shuffle=False), round=4, cross_validation=True, predict=True, fit_kwargs={}, groups=None, refit=False, probability_threshold=None, experiment_custom_tags=None, verbose=False, system=False, add_to_model_list=True, metrics=None, display=<pycaret.internal.display.display.CommonDisplay object at 0x00000226502EEFD0>, model_only=True, return_train_score=False, error_score=0.0, kwargs={})
2024-04-15 16:04:07,464:INFO:Checking exceptions
2024-04-15 16:04:07,467:INFO:Importing libraries
2024-04-15 16:04:07,467:INFO:Copying training dataset
2024-04-15 16:04:07,488:INFO:Defining folds
2024-04-15 16:04:07,489:INFO:Declaring metric variables
2024-04-15 16:04:07,502:INFO:Importing untrained model
2024-04-15 16:04:07,506:INFO:Elastic Net Imported successfully
2024-04-15 16:04:07,536:INFO:Starting cross validation
2024-04-15 16:04:07,538:INFO:Cross validating with KFold(n_splits=10, random_state=None, shuffle=False), n_jobs=-1
2024-04-15 16:04:07,812:INFO:Calculating mean and std
2024-04-15 16:04:07,815:INFO:Creating metrics dataframe
2024-04-15 16:04:07,826:INFO:Uploading results into container
2024-04-15 16:04:07,828:INFO:Uploading model into container now
2024-04-15 16:04:07,828:INFO:_master_model_container: 4
2024-04-15 16:04:07,828:INFO:_display_container: 2
2024-04-15 16:04:07,829:INFO:ElasticNet(random_state=123)
2024-04-15 16:04:07,829:INFO:create_model() successfully completed......................................
2024-04-15 16:04:08,233:INFO:SubProcess create_model() end ==================================
2024-04-15 16:04:08,234:INFO:Creating metrics dataframe
2024-04-15 16:04:08,250:INFO:Initializing Least Angle Regression
2024-04-15 16:04:08,258:INFO:Total runtime is 0.15856173038482665 minutes
2024-04-15 16:04:08,266:INFO:SubProcess create_model() called ==================================
2024-04-15 16:04:08,266:INFO:Initializing create_model()
2024-04-15 16:04:08,268:INFO:create_model(self=<pycaret.regression.oop.RegressionExperiment object at 0x000002264D889290>, estimator=lar, fold=KFold(n_splits=10, random_state=None, shuffle=False), round=4, cross_validation=True, predict=True, fit_kwargs={}, groups=None, refit=False, probability_threshold=None, experiment_custom_tags=None, verbose=False, system=False, add_to_model_list=True, metrics=None, display=<pycaret.internal.display.display.CommonDisplay object at 0x00000226502EEFD0>, model_only=True, return_train_score=False, error_score=0.0, kwargs={})
2024-04-15 16:04:08,268:INFO:Checking exceptions
2024-04-15 16:04:08,269:INFO:Importing libraries
2024-04-15 16:04:08,270:INFO:Copying training dataset
2024-04-15 16:04:08,285:INFO:Defining folds
2024-04-15 16:04:08,285:INFO:Declaring metric variables
2024-04-15 16:04:08,292:INFO:Importing untrained model
2024-04-15 16:04:08,304:INFO:Least Angle Regression Imported successfully
2024-04-15 16:04:08,324:INFO:Starting cross validation
2024-04-15 16:04:08,324:INFO:Cross validating with KFold(n_splits=10, random_state=None, shuffle=False), n_jobs=-1
2024-04-15 16:04:08,436:WARNING:C:\Users\ACER\anaconda3\envs\virenv\Lib\site-packages\sklearn\linear_model\_least_angle.py:688: ConvergenceWarning: Regressors in active set degenerate. Dropping a regressor, after 6 iterations, i.e. alpha=3.721e-01, with an active set of 6 regressors, and the smallest cholesky pivot element being 2.220e-16. Reduce max_iter or increase eps parameters.
  warnings.warn(

2024-04-15 16:04:08,440:WARNING:C:\Users\ACER\anaconda3\envs\virenv\Lib\site-packages\sklearn\linear_model\_least_angle.py:688: ConvergenceWarning: Regressors in active set degenerate. Dropping a regressor, after 8 iterations, i.e. alpha=2.502e-01, with an active set of 7 regressors, and the smallest cholesky pivot element being 2.220e-16. Reduce max_iter or increase eps parameters.
  warnings.warn(

2024-04-15 16:04:08,442:WARNING:C:\Users\ACER\anaconda3\envs\virenv\Lib\site-packages\sklearn\linear_model\_least_angle.py:688: ConvergenceWarning: Regressors in active set degenerate. Dropping a regressor, after 11 iterations, i.e. alpha=1.420e-01, with an active set of 10 regressors, and the smallest cholesky pivot element being 2.220e-16. Reduce max_iter or increase eps parameters.
  warnings.warn(

2024-04-15 16:04:08,442:WARNING:C:\Users\ACER\anaconda3\envs\virenv\Lib\site-packages\sklearn\linear_model\_least_angle.py:688: ConvergenceWarning: Regressors in active set degenerate. Dropping a regressor, after 16 iterations, i.e. alpha=5.498e-01, with an active set of 12 regressors, and the smallest cholesky pivot element being 2.220e-16. Reduce max_iter or increase eps parameters.
  warnings.warn(

2024-04-15 16:04:08,449:WARNING:C:\Users\ACER\anaconda3\envs\virenv\Lib\site-packages\sklearn\linear_model\_least_angle.py:688: ConvergenceWarning: Regressors in active set degenerate. Dropping a regressor, after 17 iterations, i.e. alpha=2.726e-01, with an active set of 13 regressors, and the smallest cholesky pivot element being 2.220e-16. Reduce max_iter or increase eps parameters.
  warnings.warn(

2024-04-15 16:04:08,474:WARNING:C:\Users\ACER\anaconda3\envs\virenv\Lib\site-packages\sklearn\linear_model\_least_angle.py:688: ConvergenceWarning: Regressors in active set degenerate. Dropping a regressor, after 10 iterations, i.e. alpha=1.252e-01, with an active set of 10 regressors, and the smallest cholesky pivot element being 2.220e-16. Reduce max_iter or increase eps parameters.
  warnings.warn(

2024-04-15 16:04:08,475:WARNING:C:\Users\ACER\anaconda3\envs\virenv\Lib\site-packages\sklearn\linear_model\_least_angle.py:688: ConvergenceWarning: Regressors in active set degenerate. Dropping a regressor, after 10 iterations, i.e. alpha=3.875e-02, with an active set of 10 regressors, and the smallest cholesky pivot element being 2.220e-16. Reduce max_iter or increase eps parameters.
  warnings.warn(

2024-04-15 16:04:08,476:WARNING:C:\Users\ACER\anaconda3\envs\virenv\Lib\site-packages\sklearn\linear_model\_least_angle.py:688: ConvergenceWarning: Regressors in active set degenerate. Dropping a regressor, after 12 iterations, i.e. alpha=8.842e-03, with an active set of 12 regressors, and the smallest cholesky pivot element being 2.220e-16. Reduce max_iter or increase eps parameters.
  warnings.warn(

2024-04-15 16:04:08,477:WARNING:C:\Users\ACER\anaconda3\envs\virenv\Lib\site-packages\sklearn\linear_model\_least_angle.py:688: ConvergenceWarning: Regressors in active set degenerate. Dropping a regressor, after 15 iterations, i.e. alpha=9.025e-04, with an active set of 13 regressors, and the smallest cholesky pivot element being 2.220e-16. Reduce max_iter or increase eps parameters.
  warnings.warn(

2024-04-15 16:04:08,545:WARNING:C:\Users\ACER\anaconda3\envs\virenv\Lib\site-packages\sklearn\linear_model\_least_angle.py:688: ConvergenceWarning: Regressors in active set degenerate. Dropping a regressor, after 16 iterations, i.e. alpha=5.249e-02, with an active set of 13 regressors, and the smallest cholesky pivot element being 2.220e-16. Reduce max_iter or increase eps parameters.
  warnings.warn(

2024-04-15 16:04:08,568:INFO:Calculating mean and std
2024-04-15 16:04:08,571:INFO:Creating metrics dataframe
2024-04-15 16:04:08,576:INFO:Uploading results into container
2024-04-15 16:04:08,578:INFO:Uploading model into container now
2024-04-15 16:04:08,579:INFO:_master_model_container: 5
2024-04-15 16:04:08,579:INFO:_display_container: 2
2024-04-15 16:04:08,581:INFO:Lars(random_state=123)
2024-04-15 16:04:08,581:INFO:create_model() successfully completed......................................
2024-04-15 16:04:08,924:INFO:SubProcess create_model() end ==================================
2024-04-15 16:04:08,924:INFO:Creating metrics dataframe
2024-04-15 16:04:08,952:INFO:Initializing Lasso Least Angle Regression
2024-04-15 16:04:08,952:INFO:Total runtime is 0.17014074325561523 minutes
2024-04-15 16:04:08,961:INFO:SubProcess create_model() called ==================================
2024-04-15 16:04:08,962:INFO:Initializing create_model()
2024-04-15 16:04:08,962:INFO:create_model(self=<pycaret.regression.oop.RegressionExperiment object at 0x000002264D889290>, estimator=llar, fold=KFold(n_splits=10, random_state=None, shuffle=False), round=4, cross_validation=True, predict=True, fit_kwargs={}, groups=None, refit=False, probability_threshold=None, experiment_custom_tags=None, verbose=False, system=False, add_to_model_list=True, metrics=None, display=<pycaret.internal.display.display.CommonDisplay object at 0x00000226502EEFD0>, model_only=True, return_train_score=False, error_score=0.0, kwargs={})
2024-04-15 16:04:08,962:INFO:Checking exceptions
2024-04-15 16:04:08,963:INFO:Importing libraries
2024-04-15 16:04:08,963:INFO:Copying training dataset
2024-04-15 16:04:08,979:INFO:Defining folds
2024-04-15 16:04:08,979:INFO:Declaring metric variables
2024-04-15 16:04:08,985:INFO:Importing untrained model
2024-04-15 16:04:09,003:INFO:Lasso Least Angle Regression Imported successfully
2024-04-15 16:04:09,024:INFO:Starting cross validation
2024-04-15 16:04:09,026:INFO:Cross validating with KFold(n_splits=10, random_state=None, shuffle=False), n_jobs=-1
2024-04-15 16:04:09,289:INFO:Calculating mean and std
2024-04-15 16:04:09,291:INFO:Creating metrics dataframe
2024-04-15 16:04:09,295:INFO:Uploading results into container
2024-04-15 16:04:09,296:INFO:Uploading model into container now
2024-04-15 16:04:09,298:INFO:_master_model_container: 6
2024-04-15 16:04:09,298:INFO:_display_container: 2
2024-04-15 16:04:09,299:INFO:LassoLars(random_state=123)
2024-04-15 16:04:09,299:INFO:create_model() successfully completed......................................
2024-04-15 16:04:09,627:INFO:SubProcess create_model() end ==================================
2024-04-15 16:04:09,627:INFO:Creating metrics dataframe
2024-04-15 16:04:09,651:INFO:Initializing Orthogonal Matching Pursuit
2024-04-15 16:04:09,651:INFO:Total runtime is 0.18178218205769855 minutes
2024-04-15 16:04:09,663:INFO:SubProcess create_model() called ==================================
2024-04-15 16:04:09,665:INFO:Initializing create_model()
2024-04-15 16:04:09,666:INFO:create_model(self=<pycaret.regression.oop.RegressionExperiment object at 0x000002264D889290>, estimator=omp, fold=KFold(n_splits=10, random_state=None, shuffle=False), round=4, cross_validation=True, predict=True, fit_kwargs={}, groups=None, refit=False, probability_threshold=None, experiment_custom_tags=None, verbose=False, system=False, add_to_model_list=True, metrics=None, display=<pycaret.internal.display.display.CommonDisplay object at 0x00000226502EEFD0>, model_only=True, return_train_score=False, error_score=0.0, kwargs={})
2024-04-15 16:04:09,667:INFO:Checking exceptions
2024-04-15 16:04:09,667:INFO:Importing libraries
2024-04-15 16:04:09,668:INFO:Copying training dataset
2024-04-15 16:04:09,686:INFO:Defining folds
2024-04-15 16:04:09,686:INFO:Declaring metric variables
2024-04-15 16:04:09,696:INFO:Importing untrained model
2024-04-15 16:04:09,708:INFO:Orthogonal Matching Pursuit Imported successfully
2024-04-15 16:04:09,725:INFO:Starting cross validation
2024-04-15 16:04:09,726:INFO:Cross validating with KFold(n_splits=10, random_state=None, shuffle=False), n_jobs=-1
2024-04-15 16:04:09,973:INFO:Calculating mean and std
2024-04-15 16:04:09,973:INFO:Creating metrics dataframe
2024-04-15 16:04:09,979:INFO:Uploading results into container
2024-04-15 16:04:09,982:INFO:Uploading model into container now
2024-04-15 16:04:09,982:INFO:_master_model_container: 7
2024-04-15 16:04:09,982:INFO:_display_container: 2
2024-04-15 16:04:09,982:INFO:OrthogonalMatchingPursuit()
2024-04-15 16:04:09,982:INFO:create_model() successfully completed......................................
2024-04-15 16:04:10,321:INFO:SubProcess create_model() end ==================================
2024-04-15 16:04:10,321:INFO:Creating metrics dataframe
2024-04-15 16:04:10,339:INFO:Initializing Bayesian Ridge
2024-04-15 16:04:10,339:INFO:Total runtime is 0.19325364033381143 minutes
2024-04-15 16:04:10,351:INFO:SubProcess create_model() called ==================================
2024-04-15 16:04:10,351:INFO:Initializing create_model()
2024-04-15 16:04:10,351:INFO:create_model(self=<pycaret.regression.oop.RegressionExperiment object at 0x000002264D889290>, estimator=br, fold=KFold(n_splits=10, random_state=None, shuffle=False), round=4, cross_validation=True, predict=True, fit_kwargs={}, groups=None, refit=False, probability_threshold=None, experiment_custom_tags=None, verbose=False, system=False, add_to_model_list=True, metrics=None, display=<pycaret.internal.display.display.CommonDisplay object at 0x00000226502EEFD0>, model_only=True, return_train_score=False, error_score=0.0, kwargs={})
2024-04-15 16:04:10,351:INFO:Checking exceptions
2024-04-15 16:04:10,351:INFO:Importing libraries
2024-04-15 16:04:10,351:INFO:Copying training dataset
2024-04-15 16:04:10,369:INFO:Defining folds
2024-04-15 16:04:10,370:INFO:Declaring metric variables
2024-04-15 16:04:10,373:INFO:Importing untrained model
2024-04-15 16:04:10,388:INFO:Bayesian Ridge Imported successfully
2024-04-15 16:04:10,406:INFO:Starting cross validation
2024-04-15 16:04:10,408:INFO:Cross validating with KFold(n_splits=10, random_state=None, shuffle=False), n_jobs=-1
2024-04-15 16:04:10,629:INFO:Calculating mean and std
2024-04-15 16:04:10,633:INFO:Creating metrics dataframe
2024-04-15 16:04:10,641:INFO:Uploading results into container
2024-04-15 16:04:10,643:INFO:Uploading model into container now
2024-04-15 16:04:10,644:INFO:_master_model_container: 8
2024-04-15 16:04:10,644:INFO:_display_container: 2
2024-04-15 16:04:10,646:INFO:BayesianRidge()
2024-04-15 16:04:10,647:INFO:create_model() successfully completed......................................
2024-04-15 16:04:10,982:INFO:SubProcess create_model() end ==================================
2024-04-15 16:04:10,983:INFO:Creating metrics dataframe
2024-04-15 16:04:11,005:INFO:Initializing Passive Aggressive Regressor
2024-04-15 16:04:11,005:INFO:Total runtime is 0.20434770186742146 minutes
2024-04-15 16:04:11,016:INFO:SubProcess create_model() called ==================================
2024-04-15 16:04:11,016:INFO:Initializing create_model()
2024-04-15 16:04:11,018:INFO:create_model(self=<pycaret.regression.oop.RegressionExperiment object at 0x000002264D889290>, estimator=par, fold=KFold(n_splits=10, random_state=None, shuffle=False), round=4, cross_validation=True, predict=True, fit_kwargs={}, groups=None, refit=False, probability_threshold=None, experiment_custom_tags=None, verbose=False, system=False, add_to_model_list=True, metrics=None, display=<pycaret.internal.display.display.CommonDisplay object at 0x00000226502EEFD0>, model_only=True, return_train_score=False, error_score=0.0, kwargs={})
2024-04-15 16:04:11,018:INFO:Checking exceptions
2024-04-15 16:04:11,020:INFO:Importing libraries
2024-04-15 16:04:11,020:INFO:Copying training dataset
2024-04-15 16:04:11,036:INFO:Defining folds
2024-04-15 16:04:11,036:INFO:Declaring metric variables
2024-04-15 16:04:11,045:INFO:Importing untrained model
2024-04-15 16:04:11,055:INFO:Passive Aggressive Regressor Imported successfully
2024-04-15 16:04:11,075:INFO:Starting cross validation
2024-04-15 16:04:11,077:INFO:Cross validating with KFold(n_splits=10, random_state=None, shuffle=False), n_jobs=-1
2024-04-15 16:04:11,299:INFO:Calculating mean and std
2024-04-15 16:04:11,299:INFO:Creating metrics dataframe
2024-04-15 16:04:11,307:INFO:Uploading results into container
2024-04-15 16:04:11,309:INFO:Uploading model into container now
2024-04-15 16:04:11,310:INFO:_master_model_container: 9
2024-04-15 16:04:11,310:INFO:_display_container: 2
2024-04-15 16:04:11,311:INFO:PassiveAggressiveRegressor(random_state=123)
2024-04-15 16:04:11,311:INFO:create_model() successfully completed......................................
2024-04-15 16:04:11,669:INFO:SubProcess create_model() end ==================================
2024-04-15 16:04:11,669:INFO:Creating metrics dataframe
2024-04-15 16:04:11,696:INFO:Initializing Huber Regressor
2024-04-15 16:04:11,696:INFO:Total runtime is 0.2158738613128662 minutes
2024-04-15 16:04:11,707:INFO:SubProcess create_model() called ==================================
2024-04-15 16:04:11,708:INFO:Initializing create_model()
2024-04-15 16:04:11,708:INFO:create_model(self=<pycaret.regression.oop.RegressionExperiment object at 0x000002264D889290>, estimator=huber, fold=KFold(n_splits=10, random_state=None, shuffle=False), round=4, cross_validation=True, predict=True, fit_kwargs={}, groups=None, refit=False, probability_threshold=None, experiment_custom_tags=None, verbose=False, system=False, add_to_model_list=True, metrics=None, display=<pycaret.internal.display.display.CommonDisplay object at 0x00000226502EEFD0>, model_only=True, return_train_score=False, error_score=0.0, kwargs={})
2024-04-15 16:04:11,708:INFO:Checking exceptions
2024-04-15 16:04:11,709:INFO:Importing libraries
2024-04-15 16:04:11,709:INFO:Copying training dataset
2024-04-15 16:04:11,725:INFO:Defining folds
2024-04-15 16:04:11,725:INFO:Declaring metric variables
2024-04-15 16:04:11,736:INFO:Importing untrained model
2024-04-15 16:04:11,745:INFO:Huber Regressor Imported successfully
2024-04-15 16:04:11,767:INFO:Starting cross validation
2024-04-15 16:04:11,769:INFO:Cross validating with KFold(n_splits=10, random_state=None, shuffle=False), n_jobs=-1
2024-04-15 16:04:11,901:WARNING:C:\Users\ACER\anaconda3\envs\virenv\Lib\site-packages\sklearn\linear_model\_huber.py:342: ConvergenceWarning: lbfgs failed to converge (status=1):
STOP: TOTAL NO. of ITERATIONS REACHED LIMIT.

Increase the number of iterations (max_iter) or scale the data as shown in:
    https://scikit-learn.org/stable/modules/preprocessing.html
  self.n_iter_ = _check_optimize_result("lbfgs", opt_res, self.max_iter)

2024-04-15 16:04:11,956:WARNING:C:\Users\ACER\anaconda3\envs\virenv\Lib\site-packages\sklearn\linear_model\_huber.py:342: ConvergenceWarning: lbfgs failed to converge (status=1):
STOP: TOTAL NO. of ITERATIONS REACHED LIMIT.

Increase the number of iterations (max_iter) or scale the data as shown in:
    https://scikit-learn.org/stable/modules/preprocessing.html
  self.n_iter_ = _check_optimize_result("lbfgs", opt_res, self.max_iter)

2024-04-15 16:04:11,977:WARNING:C:\Users\ACER\anaconda3\envs\virenv\Lib\site-packages\sklearn\linear_model\_huber.py:342: ConvergenceWarning: lbfgs failed to converge (status=1):
STOP: TOTAL NO. of ITERATIONS REACHED LIMIT.

Increase the number of iterations (max_iter) or scale the data as shown in:
    https://scikit-learn.org/stable/modules/preprocessing.html
  self.n_iter_ = _check_optimize_result("lbfgs", opt_res, self.max_iter)

2024-04-15 16:04:11,987:WARNING:C:\Users\ACER\anaconda3\envs\virenv\Lib\site-packages\sklearn\linear_model\_huber.py:342: ConvergenceWarning: lbfgs failed to converge (status=1):
STOP: TOTAL NO. of ITERATIONS REACHED LIMIT.

Increase the number of iterations (max_iter) or scale the data as shown in:
    https://scikit-learn.org/stable/modules/preprocessing.html
  self.n_iter_ = _check_optimize_result("lbfgs", opt_res, self.max_iter)

2024-04-15 16:04:12,005:WARNING:C:\Users\ACER\anaconda3\envs\virenv\Lib\site-packages\sklearn\linear_model\_huber.py:342: ConvergenceWarning: lbfgs failed to converge (status=1):
STOP: TOTAL NO. of ITERATIONS REACHED LIMIT.

Increase the number of iterations (max_iter) or scale the data as shown in:
    https://scikit-learn.org/stable/modules/preprocessing.html
  self.n_iter_ = _check_optimize_result("lbfgs", opt_res, self.max_iter)

2024-04-15 16:04:12,015:WARNING:C:\Users\ACER\anaconda3\envs\virenv\Lib\site-packages\sklearn\linear_model\_huber.py:342: ConvergenceWarning: lbfgs failed to converge (status=1):
STOP: TOTAL NO. of ITERATIONS REACHED LIMIT.

Increase the number of iterations (max_iter) or scale the data as shown in:
    https://scikit-learn.org/stable/modules/preprocessing.html
  self.n_iter_ = _check_optimize_result("lbfgs", opt_res, self.max_iter)

2024-04-15 16:04:12,023:WARNING:C:\Users\ACER\anaconda3\envs\virenv\Lib\site-packages\sklearn\linear_model\_huber.py:342: ConvergenceWarning: lbfgs failed to converge (status=1):
STOP: TOTAL NO. of ITERATIONS REACHED LIMIT.

Increase the number of iterations (max_iter) or scale the data as shown in:
    https://scikit-learn.org/stable/modules/preprocessing.html
  self.n_iter_ = _check_optimize_result("lbfgs", opt_res, self.max_iter)

2024-04-15 16:04:12,037:WARNING:C:\Users\ACER\anaconda3\envs\virenv\Lib\site-packages\sklearn\linear_model\_huber.py:342: ConvergenceWarning: lbfgs failed to converge (status=1):
STOP: TOTAL NO. of ITERATIONS REACHED LIMIT.

Increase the number of iterations (max_iter) or scale the data as shown in:
    https://scikit-learn.org/stable/modules/preprocessing.html
  self.n_iter_ = _check_optimize_result("lbfgs", opt_res, self.max_iter)

2024-04-15 16:04:12,044:WARNING:C:\Users\ACER\anaconda3\envs\virenv\Lib\site-packages\sklearn\linear_model\_huber.py:342: ConvergenceWarning: lbfgs failed to converge (status=1):
STOP: TOTAL NO. of ITERATIONS REACHED LIMIT.

Increase the number of iterations (max_iter) or scale the data as shown in:
    https://scikit-learn.org/stable/modules/preprocessing.html
  self.n_iter_ = _check_optimize_result("lbfgs", opt_res, self.max_iter)

2024-04-15 16:04:12,063:WARNING:C:\Users\ACER\anaconda3\envs\virenv\Lib\site-packages\sklearn\linear_model\_huber.py:342: ConvergenceWarning: lbfgs failed to converge (status=1):
STOP: TOTAL NO. of ITERATIONS REACHED LIMIT.

Increase the number of iterations (max_iter) or scale the data as shown in:
    https://scikit-learn.org/stable/modules/preprocessing.html
  self.n_iter_ = _check_optimize_result("lbfgs", opt_res, self.max_iter)

2024-04-15 16:04:12,090:INFO:Calculating mean and std
2024-04-15 16:04:12,092:INFO:Creating metrics dataframe
2024-04-15 16:04:12,099:INFO:Uploading results into container
2024-04-15 16:04:12,100:INFO:Uploading model into container now
2024-04-15 16:04:12,101:INFO:_master_model_container: 10
2024-04-15 16:04:12,102:INFO:_display_container: 2
2024-04-15 16:04:12,103:INFO:HuberRegressor()
2024-04-15 16:04:12,103:INFO:create_model() successfully completed......................................
2024-04-15 16:04:12,439:INFO:SubProcess create_model() end ==================================
2024-04-15 16:04:12,439:INFO:Creating metrics dataframe
2024-04-15 16:04:12,462:INFO:Initializing K Neighbors Regressor
2024-04-15 16:04:12,462:INFO:Total runtime is 0.22863219181696573 minutes
2024-04-15 16:04:12,469:INFO:SubProcess create_model() called ==================================
2024-04-15 16:04:12,469:INFO:Initializing create_model()
2024-04-15 16:04:12,469:INFO:create_model(self=<pycaret.regression.oop.RegressionExperiment object at 0x000002264D889290>, estimator=knn, fold=KFold(n_splits=10, random_state=None, shuffle=False), round=4, cross_validation=True, predict=True, fit_kwargs={}, groups=None, refit=False, probability_threshold=None, experiment_custom_tags=None, verbose=False, system=False, add_to_model_list=True, metrics=None, display=<pycaret.internal.display.display.CommonDisplay object at 0x00000226502EEFD0>, model_only=True, return_train_score=False, error_score=0.0, kwargs={})
2024-04-15 16:04:12,469:INFO:Checking exceptions
2024-04-15 16:04:12,469:INFO:Importing libraries
2024-04-15 16:04:12,469:INFO:Copying training dataset
2024-04-15 16:04:12,492:INFO:Defining folds
2024-04-15 16:04:12,492:INFO:Declaring metric variables
2024-04-15 16:04:12,506:INFO:Importing untrained model
2024-04-15 16:04:12,516:INFO:K Neighbors Regressor Imported successfully
2024-04-15 16:04:12,535:INFO:Starting cross validation
2024-04-15 16:04:12,537:INFO:Cross validating with KFold(n_splits=10, random_state=None, shuffle=False), n_jobs=-1
2024-04-15 16:04:12,865:INFO:Calculating mean and std
2024-04-15 16:04:12,869:INFO:Creating metrics dataframe
2024-04-15 16:04:12,869:INFO:Uploading results into container
2024-04-15 16:04:12,869:INFO:Uploading model into container now
2024-04-15 16:04:12,881:INFO:_master_model_container: 11
2024-04-15 16:04:12,881:INFO:_display_container: 2
2024-04-15 16:04:12,881:INFO:KNeighborsRegressor(n_jobs=-1)
2024-04-15 16:04:12,881:INFO:create_model() successfully completed......................................
2024-04-15 16:04:13,214:INFO:SubProcess create_model() end ==================================
2024-04-15 16:04:13,214:INFO:Creating metrics dataframe
2024-04-15 16:04:13,247:INFO:Initializing Decision Tree Regressor
2024-04-15 16:04:13,248:INFO:Total runtime is 0.24172825415929158 minutes
2024-04-15 16:04:13,249:INFO:SubProcess create_model() called ==================================
2024-04-15 16:04:13,249:INFO:Initializing create_model()
2024-04-15 16:04:13,249:INFO:create_model(self=<pycaret.regression.oop.RegressionExperiment object at 0x000002264D889290>, estimator=dt, fold=KFold(n_splits=10, random_state=None, shuffle=False), round=4, cross_validation=True, predict=True, fit_kwargs={}, groups=None, refit=False, probability_threshold=None, experiment_custom_tags=None, verbose=False, system=False, add_to_model_list=True, metrics=None, display=<pycaret.internal.display.display.CommonDisplay object at 0x00000226502EEFD0>, model_only=True, return_train_score=False, error_score=0.0, kwargs={})
2024-04-15 16:04:13,249:INFO:Checking exceptions
2024-04-15 16:04:13,249:INFO:Importing libraries
2024-04-15 16:04:13,258:INFO:Copying training dataset
2024-04-15 16:04:13,275:INFO:Defining folds
2024-04-15 16:04:13,275:INFO:Declaring metric variables
2024-04-15 16:04:13,285:INFO:Importing untrained model
2024-04-15 16:04:13,300:INFO:Decision Tree Regressor Imported successfully
2024-04-15 16:04:13,320:INFO:Starting cross validation
2024-04-15 16:04:13,321:INFO:Cross validating with KFold(n_splits=10, random_state=None, shuffle=False), n_jobs=-1
2024-04-15 16:04:13,526:INFO:Calculating mean and std
2024-04-15 16:04:13,526:INFO:Creating metrics dataframe
2024-04-15 16:04:13,526:INFO:Uploading results into container
2024-04-15 16:04:13,526:INFO:Uploading model into container now
2024-04-15 16:04:13,536:INFO:_master_model_container: 12
2024-04-15 16:04:13,536:INFO:_display_container: 2
2024-04-15 16:04:13,536:INFO:DecisionTreeRegressor(random_state=123)
2024-04-15 16:04:13,536:INFO:create_model() successfully completed......................................
2024-04-15 16:04:13,886:INFO:SubProcess create_model() end ==================================
2024-04-15 16:04:13,887:INFO:Creating metrics dataframe
2024-04-15 16:04:13,941:INFO:Initializing Random Forest Regressor
2024-04-15 16:04:13,949:INFO:Total runtime is 0.2534221569697062 minutes
2024-04-15 16:04:13,965:INFO:SubProcess create_model() called ==================================
2024-04-15 16:04:13,967:INFO:Initializing create_model()
2024-04-15 16:04:13,967:INFO:create_model(self=<pycaret.regression.oop.RegressionExperiment object at 0x000002264D889290>, estimator=rf, fold=KFold(n_splits=10, random_state=None, shuffle=False), round=4, cross_validation=True, predict=True, fit_kwargs={}, groups=None, refit=False, probability_threshold=None, experiment_custom_tags=None, verbose=False, system=False, add_to_model_list=True, metrics=None, display=<pycaret.internal.display.display.CommonDisplay object at 0x00000226502EEFD0>, model_only=True, return_train_score=False, error_score=0.0, kwargs={})
2024-04-15 16:04:13,968:INFO:Checking exceptions
2024-04-15 16:04:13,968:INFO:Importing libraries
2024-04-15 16:04:13,968:INFO:Copying training dataset
2024-04-15 16:04:13,989:INFO:Defining folds
2024-04-15 16:04:13,990:INFO:Declaring metric variables
2024-04-15 16:04:14,003:INFO:Importing untrained model
2024-04-15 16:04:14,016:INFO:Random Forest Regressor Imported successfully
2024-04-15 16:04:14,033:INFO:Starting cross validation
2024-04-15 16:04:14,033:INFO:Cross validating with KFold(n_splits=10, random_state=None, shuffle=False), n_jobs=-1
2024-04-15 16:04:15,787:INFO:Calculating mean and std
2024-04-15 16:04:15,789:INFO:Creating metrics dataframe
2024-04-15 16:04:15,795:INFO:Uploading results into container
2024-04-15 16:04:15,795:INFO:Uploading model into container now
2024-04-15 16:04:15,795:INFO:_master_model_container: 13
2024-04-15 16:04:15,795:INFO:_display_container: 2
2024-04-15 16:04:15,795:INFO:RandomForestRegressor(n_jobs=-1, random_state=123)
2024-04-15 16:04:15,795:INFO:create_model() successfully completed......................................
2024-04-15 16:04:16,116:INFO:SubProcess create_model() end ==================================
2024-04-15 16:04:16,116:INFO:Creating metrics dataframe
2024-04-15 16:04:16,148:INFO:Initializing Extra Trees Regressor
2024-04-15 16:04:16,148:INFO:Total runtime is 0.2900667548179626 minutes
2024-04-15 16:04:16,156:INFO:SubProcess create_model() called ==================================
2024-04-15 16:04:16,156:INFO:Initializing create_model()
2024-04-15 16:04:16,158:INFO:create_model(self=<pycaret.regression.oop.RegressionExperiment object at 0x000002264D889290>, estimator=et, fold=KFold(n_splits=10, random_state=None, shuffle=False), round=4, cross_validation=True, predict=True, fit_kwargs={}, groups=None, refit=False, probability_threshold=None, experiment_custom_tags=None, verbose=False, system=False, add_to_model_list=True, metrics=None, display=<pycaret.internal.display.display.CommonDisplay object at 0x00000226502EEFD0>, model_only=True, return_train_score=False, error_score=0.0, kwargs={})
2024-04-15 16:04:16,159:INFO:Checking exceptions
2024-04-15 16:04:16,159:INFO:Importing libraries
2024-04-15 16:04:16,160:INFO:Copying training dataset
2024-04-15 16:04:16,176:INFO:Defining folds
2024-04-15 16:04:16,177:INFO:Declaring metric variables
2024-04-15 16:04:16,187:INFO:Importing untrained model
2024-04-15 16:04:16,197:INFO:Extra Trees Regressor Imported successfully
2024-04-15 16:04:16,214:INFO:Starting cross validation
2024-04-15 16:04:16,216:INFO:Cross validating with KFold(n_splits=10, random_state=None, shuffle=False), n_jobs=-1
2024-04-15 16:04:17,422:INFO:Calculating mean and std
2024-04-15 16:04:17,426:INFO:Creating metrics dataframe
2024-04-15 16:04:17,427:INFO:Uploading results into container
2024-04-15 16:04:17,427:INFO:Uploading model into container now
2024-04-15 16:04:17,427:INFO:_master_model_container: 14
2024-04-15 16:04:17,427:INFO:_display_container: 2
2024-04-15 16:04:17,427:INFO:ExtraTreesRegressor(n_jobs=-1, random_state=123)
2024-04-15 16:04:17,427:INFO:create_model() successfully completed......................................
2024-04-15 16:04:17,747:INFO:SubProcess create_model() end ==================================
2024-04-15 16:04:17,747:INFO:Creating metrics dataframe
2024-04-15 16:04:17,781:INFO:Initializing AdaBoost Regressor
2024-04-15 16:04:17,781:INFO:Total runtime is 0.3172807733217875 minutes
2024-04-15 16:04:17,793:INFO:SubProcess create_model() called ==================================
2024-04-15 16:04:17,793:INFO:Initializing create_model()
2024-04-15 16:04:17,793:INFO:create_model(self=<pycaret.regression.oop.RegressionExperiment object at 0x000002264D889290>, estimator=ada, fold=KFold(n_splits=10, random_state=None, shuffle=False), round=4, cross_validation=True, predict=True, fit_kwargs={}, groups=None, refit=False, probability_threshold=None, experiment_custom_tags=None, verbose=False, system=False, add_to_model_list=True, metrics=None, display=<pycaret.internal.display.display.CommonDisplay object at 0x00000226502EEFD0>, model_only=True, return_train_score=False, error_score=0.0, kwargs={})
2024-04-15 16:04:17,793:INFO:Checking exceptions
2024-04-15 16:04:17,793:INFO:Importing libraries
2024-04-15 16:04:17,793:INFO:Copying training dataset
2024-04-15 16:04:17,805:INFO:Defining folds
2024-04-15 16:04:17,805:INFO:Declaring metric variables
2024-04-15 16:04:17,820:INFO:Importing untrained model
2024-04-15 16:04:17,831:INFO:AdaBoost Regressor Imported successfully
2024-04-15 16:04:17,852:INFO:Starting cross validation
2024-04-15 16:04:17,858:INFO:Cross validating with KFold(n_splits=10, random_state=None, shuffle=False), n_jobs=-1
2024-04-15 16:04:18,596:INFO:Calculating mean and std
2024-04-15 16:04:18,598:INFO:Creating metrics dataframe
2024-04-15 16:04:18,603:INFO:Uploading results into container
2024-04-15 16:04:18,606:INFO:Uploading model into container now
2024-04-15 16:04:18,609:INFO:_master_model_container: 15
2024-04-15 16:04:18,609:INFO:_display_container: 2
2024-04-15 16:04:18,609:INFO:AdaBoostRegressor(random_state=123)
2024-04-15 16:04:18,609:INFO:create_model() successfully completed......................................
2024-04-15 16:04:18,958:INFO:SubProcess create_model() end ==================================
2024-04-15 16:04:18,958:INFO:Creating metrics dataframe
2024-04-15 16:04:18,993:INFO:Initializing Gradient Boosting Regressor
2024-04-15 16:04:18,993:INFO:Total runtime is 0.3374849557876587 minutes
2024-04-15 16:04:19,007:INFO:SubProcess create_model() called ==================================
2024-04-15 16:04:19,009:INFO:Initializing create_model()
2024-04-15 16:04:19,009:INFO:create_model(self=<pycaret.regression.oop.RegressionExperiment object at 0x000002264D889290>, estimator=gbr, fold=KFold(n_splits=10, random_state=None, shuffle=False), round=4, cross_validation=True, predict=True, fit_kwargs={}, groups=None, refit=False, probability_threshold=None, experiment_custom_tags=None, verbose=False, system=False, add_to_model_list=True, metrics=None, display=<pycaret.internal.display.display.CommonDisplay object at 0x00000226502EEFD0>, model_only=True, return_train_score=False, error_score=0.0, kwargs={})
2024-04-15 16:04:19,009:INFO:Checking exceptions
2024-04-15 16:04:19,009:INFO:Importing libraries
2024-04-15 16:04:19,009:INFO:Copying training dataset
2024-04-15 16:04:19,029:INFO:Defining folds
2024-04-15 16:04:19,029:INFO:Declaring metric variables
2024-04-15 16:04:19,040:INFO:Importing untrained model
2024-04-15 16:04:19,049:INFO:Gradient Boosting Regressor Imported successfully
2024-04-15 16:04:19,073:INFO:Starting cross validation
2024-04-15 16:04:19,074:INFO:Cross validating with KFold(n_splits=10, random_state=None, shuffle=False), n_jobs=-1
2024-04-15 16:04:19,975:INFO:Calculating mean and std
2024-04-15 16:04:19,976:INFO:Creating metrics dataframe
2024-04-15 16:04:19,976:INFO:Uploading results into container
2024-04-15 16:04:19,976:INFO:Uploading model into container now
2024-04-15 16:04:19,976:INFO:_master_model_container: 16
2024-04-15 16:04:19,976:INFO:_display_container: 2
2024-04-15 16:04:19,986:INFO:GradientBoostingRegressor(random_state=123)
2024-04-15 16:04:19,986:INFO:create_model() successfully completed......................................
2024-04-15 16:04:20,313:INFO:SubProcess create_model() end ==================================
2024-04-15 16:04:20,313:INFO:Creating metrics dataframe
2024-04-15 16:04:20,346:INFO:Initializing Extreme Gradient Boosting
2024-04-15 16:04:20,346:INFO:Total runtime is 0.36004026333491007 minutes
2024-04-15 16:04:20,359:INFO:SubProcess create_model() called ==================================
2024-04-15 16:04:20,359:INFO:Initializing create_model()
2024-04-15 16:04:20,359:INFO:create_model(self=<pycaret.regression.oop.RegressionExperiment object at 0x000002264D889290>, estimator=xgboost, fold=KFold(n_splits=10, random_state=None, shuffle=False), round=4, cross_validation=True, predict=True, fit_kwargs={}, groups=None, refit=False, probability_threshold=None, experiment_custom_tags=None, verbose=False, system=False, add_to_model_list=True, metrics=None, display=<pycaret.internal.display.display.CommonDisplay object at 0x00000226502EEFD0>, model_only=True, return_train_score=False, error_score=0.0, kwargs={})
2024-04-15 16:04:20,359:INFO:Checking exceptions
2024-04-15 16:04:20,359:INFO:Importing libraries
2024-04-15 16:04:20,363:INFO:Copying training dataset
2024-04-15 16:04:20,384:INFO:Defining folds
2024-04-15 16:04:20,385:INFO:Declaring metric variables
2024-04-15 16:04:20,395:INFO:Importing untrained model
2024-04-15 16:04:20,404:INFO:Extreme Gradient Boosting Imported successfully
2024-04-15 16:04:20,424:INFO:Starting cross validation
2024-04-15 16:04:20,426:INFO:Cross validating with KFold(n_splits=10, random_state=None, shuffle=False), n_jobs=-1
2024-04-15 16:04:21,423:INFO:Calculating mean and std
2024-04-15 16:04:21,423:INFO:Creating metrics dataframe
2024-04-15 16:04:21,430:INFO:Uploading results into container
2024-04-15 16:04:21,430:INFO:Uploading model into container now
2024-04-15 16:04:21,433:INFO:_master_model_container: 17
2024-04-15 16:04:21,433:INFO:_display_container: 2
2024-04-15 16:04:21,433:INFO:XGBRegressor(base_score=None, booster='gbtree', callbacks=None,
             colsample_bylevel=None, colsample_bynode=None,
             colsample_bytree=None, device='cpu', early_stopping_rounds=None,
             enable_categorical=False, eval_metric=None, feature_types=None,
             gamma=None, grow_policy=None, importance_type=None,
             interaction_constraints=None, learning_rate=None, max_bin=None,
             max_cat_threshold=None, max_cat_to_onehot=None,
             max_delta_step=None, max_depth=None, max_leaves=None,
             min_child_weight=None, missing=nan, monotone_constraints=None,
             multi_strategy=None, n_estimators=None, n_jobs=-1,
             num_parallel_tree=None, random_state=123, ...)
2024-04-15 16:04:21,433:INFO:create_model() successfully completed......................................
2024-04-15 16:04:21,757:INFO:SubProcess create_model() end ==================================
2024-04-15 16:04:21,757:INFO:Creating metrics dataframe
2024-04-15 16:04:21,794:INFO:Initializing Light Gradient Boosting Machine
2024-04-15 16:04:21,795:INFO:Total runtime is 0.38418418566385903 minutes
2024-04-15 16:04:21,802:INFO:SubProcess create_model() called ==================================
2024-04-15 16:04:21,803:INFO:Initializing create_model()
2024-04-15 16:04:21,803:INFO:create_model(self=<pycaret.regression.oop.RegressionExperiment object at 0x000002264D889290>, estimator=lightgbm, fold=KFold(n_splits=10, random_state=None, shuffle=False), round=4, cross_validation=True, predict=True, fit_kwargs={}, groups=None, refit=False, probability_threshold=None, experiment_custom_tags=None, verbose=False, system=False, add_to_model_list=True, metrics=None, display=<pycaret.internal.display.display.CommonDisplay object at 0x00000226502EEFD0>, model_only=True, return_train_score=False, error_score=0.0, kwargs={})
2024-04-15 16:04:21,803:INFO:Checking exceptions
2024-04-15 16:04:21,803:INFO:Importing libraries
2024-04-15 16:04:21,803:INFO:Copying training dataset
2024-04-15 16:04:21,809:INFO:Defining folds
2024-04-15 16:04:21,809:INFO:Declaring metric variables
2024-04-15 16:04:21,830:INFO:Importing untrained model
2024-04-15 16:04:21,841:INFO:Light Gradient Boosting Machine Imported successfully
2024-04-15 16:04:21,863:INFO:Starting cross validation
2024-04-15 16:04:21,864:INFO:Cross validating with KFold(n_splits=10, random_state=None, shuffle=False), n_jobs=-1
2024-04-15 16:04:35,677:INFO:Calculating mean and std
2024-04-15 16:04:35,678:INFO:Creating metrics dataframe
2024-04-15 16:04:35,681:INFO:Uploading results into container
2024-04-15 16:04:35,681:INFO:Uploading model into container now
2024-04-15 16:04:35,681:INFO:_master_model_container: 18
2024-04-15 16:04:35,681:INFO:_display_container: 2
2024-04-15 16:04:35,681:INFO:LGBMRegressor(n_jobs=-1, random_state=123)
2024-04-15 16:04:35,681:INFO:create_model() successfully completed......................................
2024-04-15 16:04:36,002:INFO:SubProcess create_model() end ==================================
2024-04-15 16:04:36,002:INFO:Creating metrics dataframe
2024-04-15 16:04:36,033:INFO:Initializing CatBoost Regressor
2024-04-15 16:04:36,033:INFO:Total runtime is 0.6214916586875916 minutes
2024-04-15 16:04:36,043:INFO:SubProcess create_model() called ==================================
2024-04-15 16:04:36,043:INFO:Initializing create_model()
2024-04-15 16:04:36,043:INFO:create_model(self=<pycaret.regression.oop.RegressionExperiment object at 0x000002264D889290>, estimator=catboost, fold=KFold(n_splits=10, random_state=None, shuffle=False), round=4, cross_validation=True, predict=True, fit_kwargs={}, groups=None, refit=False, probability_threshold=None, experiment_custom_tags=None, verbose=False, system=False, add_to_model_list=True, metrics=None, display=<pycaret.internal.display.display.CommonDisplay object at 0x00000226502EEFD0>, model_only=True, return_train_score=False, error_score=0.0, kwargs={})
2024-04-15 16:04:36,043:INFO:Checking exceptions
2024-04-15 16:04:36,043:INFO:Importing libraries
2024-04-15 16:04:36,043:INFO:Copying training dataset
2024-04-15 16:04:36,060:INFO:Defining folds
2024-04-15 16:04:36,060:INFO:Declaring metric variables
2024-04-15 16:04:36,067:INFO:Importing untrained model
2024-04-15 16:04:36,084:INFO:CatBoost Regressor Imported successfully
2024-04-15 16:04:36,101:INFO:Starting cross validation
2024-04-15 16:04:36,102:INFO:Cross validating with KFold(n_splits=10, random_state=None, shuffle=False), n_jobs=-1
2024-04-15 16:05:06,119:INFO:Calculating mean and std
2024-04-15 16:05:06,119:INFO:Creating metrics dataframe
2024-04-15 16:05:06,125:INFO:Uploading results into container
2024-04-15 16:05:06,125:INFO:Uploading model into container now
2024-04-15 16:05:06,130:INFO:_master_model_container: 19
2024-04-15 16:05:06,130:INFO:_display_container: 2
2024-04-15 16:05:06,130:INFO:<catboost.core.CatBoostRegressor object at 0x000002264DF47990>
2024-04-15 16:05:06,130:INFO:create_model() successfully completed......................................
2024-04-15 16:05:06,483:INFO:SubProcess create_model() end ==================================
2024-04-15 16:05:06,484:INFO:Creating metrics dataframe
2024-04-15 16:05:06,517:INFO:Initializing Dummy Regressor
2024-04-15 16:05:06,517:INFO:Total runtime is 1.1295522610346476 minutes
2024-04-15 16:05:06,525:INFO:SubProcess create_model() called ==================================
2024-04-15 16:05:06,525:INFO:Initializing create_model()
2024-04-15 16:05:06,526:INFO:create_model(self=<pycaret.regression.oop.RegressionExperiment object at 0x000002264D889290>, estimator=dummy, fold=KFold(n_splits=10, random_state=None, shuffle=False), round=4, cross_validation=True, predict=True, fit_kwargs={}, groups=None, refit=False, probability_threshold=None, experiment_custom_tags=None, verbose=False, system=False, add_to_model_list=True, metrics=None, display=<pycaret.internal.display.display.CommonDisplay object at 0x00000226502EEFD0>, model_only=True, return_train_score=False, error_score=0.0, kwargs={})
2024-04-15 16:05:06,526:INFO:Checking exceptions
2024-04-15 16:05:06,527:INFO:Importing libraries
2024-04-15 16:05:06,527:INFO:Copying training dataset
2024-04-15 16:05:06,546:INFO:Defining folds
2024-04-15 16:05:06,548:INFO:Declaring metric variables
2024-04-15 16:05:06,557:INFO:Importing untrained model
2024-04-15 16:05:06,568:INFO:Dummy Regressor Imported successfully
2024-04-15 16:05:06,584:INFO:Starting cross validation
2024-04-15 16:05:06,586:INFO:Cross validating with KFold(n_splits=10, random_state=None, shuffle=False), n_jobs=-1
2024-04-15 16:05:06,795:INFO:Calculating mean and std
2024-04-15 16:05:06,799:INFO:Creating metrics dataframe
2024-04-15 16:05:06,799:INFO:Uploading results into container
2024-04-15 16:05:06,799:INFO:Uploading model into container now
2024-04-15 16:05:06,807:INFO:_master_model_container: 20
2024-04-15 16:05:06,807:INFO:_display_container: 2
2024-04-15 16:05:06,807:INFO:DummyRegressor()
2024-04-15 16:05:06,807:INFO:create_model() successfully completed......................................
2024-04-15 16:05:07,157:INFO:SubProcess create_model() end ==================================
2024-04-15 16:05:07,158:INFO:Creating metrics dataframe
2024-04-15 16:05:07,222:INFO:Initializing create_model()
2024-04-15 16:05:07,222:INFO:create_model(self=<pycaret.regression.oop.RegressionExperiment object at 0x000002264D889290>, estimator=RandomForestRegressor(n_jobs=-1, random_state=123), fold=KFold(n_splits=10, random_state=None, shuffle=False), round=4, cross_validation=False, predict=False, fit_kwargs={}, groups=None, refit=True, probability_threshold=None, experiment_custom_tags=None, verbose=False, system=False, add_to_model_list=True, metrics=None, display=None, model_only=True, return_train_score=False, error_score=0.0, kwargs={})
2024-04-15 16:05:07,223:INFO:Checking exceptions
2024-04-15 16:05:07,227:INFO:Importing libraries
2024-04-15 16:05:07,228:INFO:Copying training dataset
2024-04-15 16:05:07,246:INFO:Defining folds
2024-04-15 16:05:07,247:INFO:Declaring metric variables
2024-04-15 16:05:07,248:INFO:Importing untrained model
2024-04-15 16:05:07,248:INFO:Declaring custom model
2024-04-15 16:05:07,250:INFO:Random Forest Regressor Imported successfully
2024-04-15 16:05:07,250:INFO:Cross validation set to False
2024-04-15 16:05:07,250:INFO:Fitting Model
2024-04-15 16:05:07,735:INFO:RandomForestRegressor(n_jobs=-1, random_state=123)
2024-04-15 16:05:07,735:INFO:create_model() successfully completed......................................
2024-04-15 16:05:08,183:INFO:_master_model_container: 20
2024-04-15 16:05:08,183:INFO:_display_container: 2
2024-04-15 16:05:08,184:INFO:RandomForestRegressor(n_jobs=-1, random_state=123)
2024-04-15 16:05:08,184:INFO:compare_models() successfully completed......................................
